<?xml version="1.0" encoding="UTF-8"?>
<!-- Generated by org.testng.reporters.JUnitXMLReporter -->
<testsuite hostname="Shisir-PC" ignored="0" name="Test" tests="3" failures="0" timestamp="04 Mar 2019 17:22:12 GMT" time="121.319" errors="0">
  <testcase name="opportunity_nodata_dup" time="25.251" classname="com.ComCast.FindDup_Opportunities.FindDup_Opportunities"/>
  <testcase name="opportunity_nodata_dup" time="24.176" classname="com.ComCast.FindDup_Opportunities.Opportunity_cancel_button"/>
  <testcase name="opportunity_Export_File" time="31.151" classname="com.ComCast.Export_Opportunities.Export_Oppertunities"/>
</testsuite> <!-- Test -->
