<?xml version="1.0" encoding="UTF-8"?>
<testng-results skipped="0" failed="0" ignored="0" total="1" passed="1">
  <reporter-output>
  </reporter-output>
  <suite name="Default suite" duration-ms="62914" started-at="2019-03-08T09:17:23Z" finished-at="2019-03-08T09:18:26Z">
    <groups>
    </groups>
    <test name="Default test" duration-ms="62914" started-at="2019-03-08T09:17:23Z" finished-at="2019-03-08T09:18:26Z">
      <class name="com.ComCast.FindDup_Opportunities.FindDup_Opportunities">
        <test-method status="PASS" signature="configBC()[pri:0, instance:com.ComCast.FindDup_Opportunities.FindDup_Opportunities@1fdc050]" name="configBC" is-config="true" duration-ms="9778" started-at="2019-03-08T09:17:23Z" finished-at="2019-03-08T09:17:33Z">
          <reporter-output>
          </reporter-output>
        </test-method> <!-- configBC -->
        <test-method status="PASS" signature="configBM()[pri:0, instance:com.ComCast.FindDup_Opportunities.FindDup_Opportunities@1fdc050]" name="configBM" is-config="true" duration-ms="9479" started-at="2019-03-08T09:17:33Z" finished-at="2019-03-08T09:17:43Z">
          <reporter-output>
          </reporter-output>
        </test-method> <!-- configBM -->
        <test-method status="PASS" signature="opportunity_nodata_dup()[pri:0, instance:com.ComCast.FindDup_Opportunities.FindDup_Opportunities@1fdc050]" name="opportunity_nodata_dup" duration-ms="39771" started-at="2019-03-08T09:17:43Z" finished-at="2019-03-08T09:18:22Z">
          <reporter-output>
          </reporter-output>
        </test-method> <!-- opportunity_nodata_dup -->
        <test-method status="PASS" signature="configAM()[pri:0, instance:com.ComCast.FindDup_Opportunities.FindDup_Opportunities@1fdc050]" name="configAM" is-config="true" duration-ms="3579" started-at="2019-03-08T09:18:22Z" finished-at="2019-03-08T09:18:26Z">
          <reporter-output>
          </reporter-output>
        </test-method> <!-- configAM -->
        <test-method status="PASS" signature="configAC()[pri:0, instance:com.ComCast.FindDup_Opportunities.FindDup_Opportunities@1fdc050]" name="configAC" is-config="true" duration-ms="249" started-at="2019-03-08T09:18:26Z" finished-at="2019-03-08T09:18:26Z">
          <reporter-output>
          </reporter-output>
        </test-method> <!-- configAC -->
      </class> <!-- com.ComCast.FindDup_Opportunities.FindDup_Opportunities -->
    </test> <!-- Default test -->
  </suite> <!-- Default suite -->
</testng-results>
